[00:49:10] [main/INFO] (FabricLoader) Loading for game Minecraft 1.16.3
[00:49:10] [main/INFO] (Fabric|Loader) [FabricLoader] Loading 42 mods: fabric-renderer-api-v1@0.3.0+8bcfced895, minecraft@1.16.3, fabric-networking-blockentity-v0@0.2.5+b50ffc7b95, fabric-screen-handler-api-v1@1.1.0+8724984195, fabric-keybindings-v0@0.2.0+3fa9f7c595, lchunkloader@1.2.2, fabric-command-api-v1@1.0.8+5ce5339895, fabricloader@0.9.3+build.207, fabric-tool-attribute-api-v1@1.2.2+ccce563e95, fabric-structure-api-v1@1.0.1+fb0d9b0e95, fabric-renderer-indigo@0.4.0+8bcfced895, fabric-containers-v0@0.1.8+045df74f95, fabric-object-builder-api-v1@1.8.0+c1aa8ed895, fabric-crash-report-info-v1@0.1.2+b7f9825d95, fabric-events-interaction-v0@0.4.0+e2e6cdad95, fabric-item-api-v1@1.1.0+29679fd695, fabric-game-rule-api-v1@1.0.1+74685c1495, fabric-api-base@0.1.3+12a8474c95, fabric-rendering-v0@1.1.0+5341049095, fabric-key-binding-api-v1@1.0.1+730711c695, fabric-rendering-v1@1.3.0+432ea18895, fabric-rendering-data-attachment-v1@0.1.3+b7f9825d95, fabric-resource-loader-v0@0.3.1+facf3bbf95, fabric-textures-v0@1.0.4+eae12eb895, fabric-content-registries-v0@0.1.9+059ea86695, fabric-tag-extensions-v0@1.0.3+ac8e8c5995, fabric-rendering-fluids-v1@0.1.11+fb0d9b0e95, fabric-biome-api-v1@2.0.0+c29459ab95, fabric-commands-v0@0.2.0+52d3083695, fabric-registry-sync-v0@0.5.0+c1aa8ed895, fabric-blockrenderlayer-v1@1.1.4+c6a8ea8995, fabric-lifecycle-events-v1@1.2.0+74cc3b2095, fabric-mining-levels-v0@0.1.2+b764ce9995, fabric-renderer-registries-v1@2.1.0+e2862de695, fabric-loot-tables-v1@1.0.1+432ea18895, fabric-events-lifecycle-v0@0.2.0+16acbe5b95, fabric@0.21.0+build.407-1.16, fabric-item-groups-v0@0.2.0+438f963695, fabric-particles-v1@0.2.2+fb0d9b0e95, fabric-models-v0@0.1.0+dfdb52d695, fabric-networking-v0@0.1.10+e00ecb5f95, fabric-object-builders-v0@0.7.0+432ea18895
[00:49:11] [main/INFO] (mixin) SpongePowered MIXIN Subsystem Version=0.8.1 Source=file:/C:/Users/Matteo/.gradle/caches/modules-2/files-2.1/net.fabricmc/sponge-mixin/0.8.1+build.21/94da90bdbee9f95bf6d6c41ca87943419a0b5624/sponge-mixin-0.8.1+build.21.jar Service=Knot/Fabric Env=CLIENT
[00:49:11] [main/INFO] (Fabric|MixinBootstrap) Loaded Fabric development mappings for mixin remapper!
[00:49:11] [main/INFO] (mixin) Remapping refMap fabric-networking-v0-refmap.json using remapper chain
[00:49:11] [main/INFO] (mixin) Remapping refMap fabric-networking-blockentity-v0-refmap.json using remapper chain
[00:49:11] [main/INFO] (mixin) Remapping refMap fabric-screen-handler-api-v1-refmap.json using remapper chain
[00:49:11] [main/INFO] (mixin) Remapping refMap fabric-lifecycle-events-v1-refmap.json using remapper chain
[00:49:11] [main/INFO] (mixin) Remapping refMap fabric-containers-v0-refmap.json using remapper chain
[00:49:11] [main/INFO] (mixin) Remapping refMap fabric-renderer-indigo-refmap.json using remapper chain
[00:49:11] [main/INFO] (mixin) Remapping refMap fabric-rendering-data-attachment-v1-refmap.json using remapper chain
[00:49:11] [main/INFO] (mixin) Remapping refMap fabric-structure-api-v1-refmap.json using remapper chain
[00:49:11] [main/INFO] (mixin) Remapping refMap fabric-events-interaction-v0-refmap.json using remapper chain
[00:49:11] [main/INFO] (mixin) Remapping refMap fabric-item-api-v1-refmap.json using remapper chain
[00:49:11] [main/INFO] (mixin) Remapping refMap fabric-loot-tables-v1-refmap.json using remapper chain
[00:49:11] [main/INFO] (mixin) Remapping refMap fabric-object-builder-api-v1-refmap.json using remapper chain
[00:49:11] [main/INFO] (mixin) Remapping refMap fabric-renderer-registries-v1-refmap.json using remapper chain
[00:49:11] [main/INFO] (mixin) Remapping refMap fabric-textures-v0-refmap.json using remapper chain
[00:49:11] [main/INFO] (mixin) Remapping refMap fabric-registry-sync-v0-refmap.json using remapper chain
[00:49:11] [main/INFO] (mixin) Remapping refMap fabric-models-v0-refmap.json using remapper chain
[00:49:11] [main/INFO] (mixin) Remapping refMap fabric-blockrenderlayer-v1-refmap.json using remapper chain
[00:49:11] [main/INFO] (mixin) Remapping refMap fabric-renderer-api-v1-refmap.json using remapper chain
[00:49:11] [main/INFO] (mixin) Remapping refMap fabric-containers-v0-refmap.json using remapper chain
[00:49:11] [main/INFO] (mixin) Remapping refMap fabric-rendering-fluids-v1-refmap.json using remapper chain
[00:49:11] [main/INFO] (mixin) Remapping refMap fabric-biome-api-v1-refmap.json using remapper chain
[00:49:11] [main/INFO] (mixin) Remapping refMap fabric-resource-loader-v0-refmap.json using remapper chain
[00:49:11] [main/INFO] (mixin) Remapping refMap fabric-game-rule-api-v1-refmap.json using remapper chain
[00:49:11] [main/INFO] (mixin) Remapping refMap fabric-particles-v1-refmap.json using remapper chain
[00:49:11] [main/INFO] (mixin) Remapping refMap fabric-object-builders-refmap.json using remapper chain
[00:49:11] [main/INFO] (mixin) Remapping refMap fabric-tag-extensions-v0-refmap.json using remapper chain
[00:49:11] [main/INFO] (mixin) Remapping refMap fabric-tool-attribute-api-v1-refmap.json using remapper chain
[00:49:11] [main/INFO] (mixin) Remapping refMap fabric-rendering-v1-refmap.json using remapper chain
[00:49:11] [main/INFO] (mixin) Remapping refMap fabric-item-groups-v0-refmap.json using remapper chain
[00:49:11] [main/INFO] (mixin) Remapping refMap fabric-content-registries-v0-refmap.json using remapper chain
[00:49:11] [main/INFO] (mixin) Remapping refMap fabric-command-api-v1-refmap.json using remapper chain
[00:49:11] [main/INFO] (mixin) Remapping refMap fabric-crash-report-info-v1-refmap.json using remapper chain
[00:49:11] [main/INFO] (mixin) Remapping refMap fabric-key-binding-api-v1-refmap.json using remapper chain
[00:49:11] [main/INFO] (mixin) Remapping refMap fabric-renderer-api-v1-refmap.json using remapper chain
[00:49:11] [main/WARN] (mixin) @Mixin target net/minecraft/server/world/ThreadedAnvilChunkStorage$EntityTracker is public in fabric-networking-v0.mixins.json:MixinEntityTracker and should be specified in value
[00:49:11] [main/WARN] (mixin) @Mixin target net/minecraft/client/render/block/BlockModelRenderer$AmbientOcclusionCalculator is public in fabric-renderer-indigo.mixins.json:MixinAmbientOcclusionCalculator and should be specified in value
[00:49:11] [main/WARN] (mixin) @Mixin target net/minecraft/client/render/chunk/ChunkBuilder$BuiltChunk$RebuildTask is public in fabric-renderer-indigo.mixins.json:MixinChunkRebuildTask and should be specified in value
[00:49:11] [main/WARN] (mixin) @Mixin target net/minecraft/village/TradeOffers$TypeAwareBuyForOneEmeraldFactory is public in fabric-object-builder-v1.mixins.json:TypeAwareTradeMixin and should be specified in value
[00:49:11] [main/WARN] (mixin) @Mixin target net/minecraft/server/command/GameRuleCommand$1 is public in fabric-game-rule-api-v1.mixins.json:GameRuleCommandVisitorMixin and should be specified in value
[00:49:11] [main/WARN] (mixin) @Mixin target net/minecraft/client/gui/screen/world/EditGameRulesScreen$RuleListWidget$1 is public in fabric-game-rule-api-v1.mixins.json:client.RuleListWidgetVisitorMixin and should be specified in value
[00:49:11] [main/WARN] (mixin) @Mixin target net/minecraft/client/particle/ParticleManager$SimpleSpriteProvider is public in fabric-particles-v1.mixins.json:ParticleManagerAccessor$SimpleSpriteProviderAccessor and should be specified in value
[00:49:11] [main/WARN] (mixin) @Mixin target net/minecraft/tag/Tag$1 is public in fabric-tag-extensions-v0.mixins.json:MixinTagImpl and should be specified in value
[00:49:11] [main/WARN] (mixin) @Mixin target net/minecraft/tag/RequiredTagList$TagWrapper is public in fabric-tag-extensions-v0.mixins.json:MixinTagImpl and should be specified in value
[00:49:14] [main/INFO] (Minecraft) Environment: authHost='https://authserver.mojang.com', accountsHost='https://api.mojang.com', sessionHost='https://sessionserver.mojang.com', name='PROD'
[00:49:14] [main/INFO] (Minecraft) Setting user: Player439
[00:49:14] [main/INFO] (Indigo) [Indigo] Registering Indigo renderer!
[00:49:14] [main/INFO] (Minecraft) Backend library: LWJGL version 3.2.2 build 10
[00:49:16] [main/INFO] (Minecraft) Narrator library for x64 successfully loaded
[00:49:16] [main/INFO] (Minecraft) Reloading ResourceManager: Default, Fabric Networking Block Entity (v0), Fabric Renderer API (v1), Fabric Screen Handler API (v1), Fabric Key Bindings (v0), Literally Chunk Loader, Fabric Loader, Fabric Tool Attribute API (v1), Fabric Renderer - Indigo, Fabric Containers (v0), Fabric Object Builder API (v1), Fabric Events Interaction (v0), Fabric Item API (v1), Fabric Crash Report Info (v1), Fabric Game Rule API (v1), Fabric API Base, Fabric Rendering (v0), Fabric Key Binding API (v1), Fabric Rendering (v1), Fabric Rendering Data Attachment (v1), Fabric Resource Loader (v0), Fabric Textures (v0), Fabric Content Registries (v0), Fabric Tag Extensions (v0), Fabric Biome API (v1), Fabric Rendering Fluids (v1), Fabric Registry Sync (v0), Fabric BlockRenderLayer Registration (v1), Fabric Lifecycle Events (v1), Fabric Mining Levels (v0), Fabric Renderer Registries (v1), Fabric Events Lifecycle (v0), Fabric Loot Tables (v1), Fabric API, Fabric Item Groups (v0), Fabric Models (v0), Fabric Object Builders (v0), Fabric Networking (v0)
